  Using 'git status' to determine working set for adaptive non-unity build (E:\G1213SHUO).
  Creating makefile for G1213SHUOEditor (ini files are newer than makefile)
  Parsing headers for G1213SHUOEditor
    Running UnrealHeaderTool "E:\G1213SHUO\G1213SHUO\G1213SHUO.uproject" "E:\G1213SHUO\G1213SHUO\Intermediate\Build\Win64\G1213SHUOEditor\Development\G1213SHUOEditor.uhtmanifest" -LogCmds="loginit warning, logexit warning, logdatabase error" -Unattended -WarningsAsErrors -installed
  Reflection code generated for G1213SHUOEditor in 15.6650948 seconds
  Using Visual Studio 2019 14.24.28314 toolchain (C:\Program Files (x86)\Microsoft Visual Studio\2019\Community\VC\Tools\MSVC\14.24.28314) and Windows 10.0.18362.0 SDK (C:\Program Files (x86)\Windows Kits\10).
  Distributing 6 actions to XGE
  --------------------Build System Warning---------------------------------------
  License is invalid:
      License information is invalid. Please try reloading your license file using the Coordinator Monitor application on the Coordinator machine, or reinstall IncrediBuild.
      This build will run in standalone mode.
  
  -------------------------------------------------------------------------------
  --------------------Project: Default-------------------------------------------
  BlackHole.gen.cpp (3:47.20 at +0:00)
  G1213SHUO.init.gen.cpp (0:03.50 at +3:47)
  BlackHole.cpp (3:17.76 at +3:50)
E:\G1213SHUO\G1213SHUO\Source\G1213SHUO\BlackHole.cpp(46): warning C4456: declaration of 'player' hides previous local declaration
  E:\G1213SHUO\G1213SHUO\Source\G1213SHUO\BlackHole.cpp(36): note: see declaration of 'player'
  UE4Editor-G1213SHUO-0002.dll (0:03.57 at +7:08)
     Creating library E:\G1213SHUO\G1213SHUO\Intermediate\Build\Win64\UE4Editor\Development\G1213SHUO\UE4Editor-G1213SHUO-0002.suppressed.lib and object E:\G1213SHUO\G1213SHUO\Intermediate\Build\Win64\UE4Editor\Development\G1213SHUO\UE4Editor-G1213SHUO-0002.suppressed.exp
  UE4Editor-G1213SHUO-0002.lib (0:00.15 at +7:12)
     Creating library E:\G1213SHUO\G1213SHUO\Intermediate\Build\Win64\UE4Editor\Development\G1213SHUO\UE4Editor-G1213SHUO-0002.lib and object E:\G1213SHUO\G1213SHUO\Intermediate\Build\Win64\UE4Editor\Development\G1213SHUO\UE4Editor-G1213SHUO-0002.exp
  G1213SHUOEditor.target (0:00.18 at +7:12)
  ---------------------- Done ----------------------
  
      Rebuild All: 1 succeeded, 0 failed, 0 skipped
  
  1 build system warning(s):
     - License is invalid
  
  Total time in XGE executor: 432.76 seconds
  Total execution time: 452.73 seconds
